{
  "stats": {
    "suites": 2,
    "tests": 1,
    "passes": 0,
    "pending": 0,
    "failures": 1,
    "start": "2024-05-16T03:28:55.297Z",
    "end": "2024-05-16T03:28:56.249Z",
    "duration": 952,
    "testsRegistered": 5,
    "passPercent": 0,
    "pendingPercent": 0,
    "other": 0,
    "hasOther": false,
    "skipped": 4,
    "hasSkipped": true
  },
  "results": [
    {
      "uuid": "1ac94a77-a687-45e4-948b-bc35630d1d89",
      "title": "",
      "fullFile": "cypress\\e2e\\landing.cy.ts",
      "file": "cypress\\e2e\\landing.cy.ts",
      "beforeHooks": [],
      "afterHooks": [],
      "tests": [],
      "suites": [
        {
          "uuid": "17d7e9c0-1cd9-4fa0-ad4a-c73a0027dcc2",
          "title": "Landing Page",
          "fullFile": "",
          "file": "",
          "beforeHooks": [],
          "afterHooks": [],
          "tests": [],
          "suites": [
            {
              "uuid": "777e5c02-8b8f-42e3-bff5-63641c37e04f",
              "title": "Hero Section",
              "fullFile": "",
              "file": "",
              "beforeHooks": [],
              "afterHooks": [],
              "tests": [
                {
                  "title": "Hero contains correct information",
                  "fullTitle": "Landing Page Hero Section Hero contains correct information",
                  "timedOut": null,
                  "duration": 875,
                  "state": "failed",
                  "speed": null,
                  "pass": false,
                  "fail": true,
                  "pending": false,
                  "context": null,
                  "code": "cy.get('h1').contains('Welcome to GradeMaster!');\ncy.get('button').eq(0).contains('Login');",
                  "err": {
                    "message": "CypressError: `cy.visit()` failed trying to load:\n\nhttp://localhost:3000/\n\nThe response we received from your web server was:\n\n  > 500: Internal Server Error\n\nThis was considered a failure because the status code was not `2xx`.\n\nIf you do not want status codes to cause failures pass the option: `failOnStatusCode: false`\n\nBecause this error occurred during a `before each` hook we are skipping the remaining tests in the current suite: `Landing Page`",
                    "estack": "CypressError: `cy.visit()` failed trying to load:\n\nhttp://localhost:3000/\n\nThe response we received from your web server was:\n\n  > 500: Internal Server Error\n\nThis was considered a failure because the status code was not `2xx`.\n\nIf you do not want status codes to cause failures pass the option: `failOnStatusCode: false`\n\nBecause this error occurred during a `before each` hook we are skipping the remaining tests in the current suite: `Landing Page`\n    at <unknown> (http://localhost:3000/__cypress/runner/cypress_runner.js:131464:76)\n    at visitFailedByErr (http://localhost:3000/__cypress/runner/cypress_runner.js:130878:12)\n    at <unknown> (http://localhost:3000/__cypress/runner/cypress_runner.js:131447:13)\n    at tryCatcher (http://localhost:3000/__cypress/runner/cypress_runner.js:1807:23)\n    at Promise._settlePromiseFromHandler (http://localhost:3000/__cypress/runner/cypress_runner.js:1519:31)\n    at Promise._settlePromise (http://localhost:3000/__cypress/runner/cypress_runner.js:1576:18)\n    at Promise._settlePromise0 (http://localhost:3000/__cypress/runner/cypress_runner.js:1621:10)\n    at Promise._settlePromises (http://localhost:3000/__cypress/runner/cypress_runner.js:1697:18)\n    at _drainQueueStep (http://localhost:3000/__cypress/runner/cypress_runner.js:2407:12)\n    at _drainQueue (http://localhost:3000/__cypress/runner/cypress_runner.js:2400:9)\n    at Async._drainQueues (http://localhost:3000/__cypress/runner/cypress_runner.js:2416:5)\n    at Async.drainQueues (http://localhost:3000/__cypress/runner/cypress_runner.js:2286:14)\nFrom Your Spec Code:\n    at Context.eval (webpack://grademaster/./cypress/e2e/landing.cy.ts:3:0)",
                    "diff": null
                  },
                  "uuid": "c82d4cc4-a716-4e8e-9943-88a274c82de6",
                  "parentUUID": "777e5c02-8b8f-42e3-bff5-63641c37e04f",
                  "isHook": false,
                  "skipped": false
                }
              ],
              "suites": [],
              "passes": [],
              "failures": [
                "c82d4cc4-a716-4e8e-9943-88a274c82de6"
              ],
              "pending": [],
              "skipped": [],
              "duration": 875,
              "root": false,
              "rootEmpty": false,
              "_timeout": 2000
            },
            {
              "uuid": "14826b4a-edb1-4bb5-a74f-4c27b12734d2",
              "title": "Call to Action",
              "fullFile": "",
              "file": "",
              "beforeHooks": [],
              "afterHooks": [],
              "tests": [
                {
                  "title": "New User information",
                  "fullTitle": "Landing Page Call to Action New User information",
                  "timedOut": null,
                  "duration": 0,
                  "state": "skipped",
                  "speed": null,
                  "pass": false,
                  "fail": false,
                  "pending": false,
                  "context": null,
                  "code": "",
                  "err": {},
                  "uuid": "67212ee8-d4ba-4cbf-acaa-cc246071e41d",
                  "parentUUID": null,
                  "isHook": false,
                  "skipped": true
                }
              ],
              "suites": [],
              "passes": [],
              "failures": [],
              "pending": [],
              "skipped": [
                "67212ee8-d4ba-4cbf-acaa-cc246071e41d"
              ],
              "duration": 0,
              "root": false,
              "rootEmpty": false,
              "_timeout": 2000
            },
            {
              "uuid": "a504282a-fb82-49ad-82db-eaabfd940ae7",
              "title": "Social Proof",
              "fullFile": "",
              "file": "",
              "beforeHooks": [],
              "afterHooks": [],
              "tests": [
                {
                  "title": "Contains social proof",
                  "fullTitle": "Landing Page Social Proof Contains social proof",
                  "timedOut": null,
                  "duration": 0,
                  "state": "skipped",
                  "speed": null,
                  "pass": false,
                  "fail": false,
                  "pending": false,
                  "context": null,
                  "code": "",
                  "err": {},
                  "uuid": "ac138f31-6ede-4016-b636-9caaeb8f4e63",
                  "parentUUID": null,
                  "isHook": false,
                  "skipped": true
                }
              ],
              "suites": [],
              "passes": [],
              "failures": [],
              "pending": [],
              "skipped": [
                "ac138f31-6ede-4016-b636-9caaeb8f4e63"
              ],
              "duration": 0,
              "root": false,
              "rootEmpty": false,
              "_timeout": 2000
            },
            {
              "uuid": "517a5990-91dd-4cd5-ae1a-22e9b928accd",
              "title": "Benefits",
              "fullFile": "",
              "file": "",
              "beforeHooks": [],
              "afterHooks": [],
              "tests": [
                {
                  "title": "Contains Benefits",
                  "fullTitle": "Landing Page Benefits Contains Benefits",
                  "timedOut": null,
                  "duration": 0,
                  "state": "skipped",
                  "speed": null,
                  "pass": false,
                  "fail": false,
                  "pending": false,
                  "context": null,
                  "code": "",
                  "err": {},
                  "uuid": "7ea948ed-da25-45fa-9549-011bc286ea8e",
                  "parentUUID": null,
                  "isHook": false,
                  "skipped": true
                }
              ],
              "suites": [],
              "passes": [],
              "failures": [],
              "pending": [],
              "skipped": [
                "7ea948ed-da25-45fa-9549-011bc286ea8e"
              ],
              "duration": 0,
              "root": false,
              "rootEmpty": false,
              "_timeout": 2000
            },
            {
              "uuid": "3fadec3e-47b7-430a-ad8c-c8482f68f4bd",
              "title": "Features",
              "fullFile": "",
              "file": "",
              "beforeHooks": [],
              "afterHooks": [],
              "tests": [
                {
                  "title": "Contains features",
                  "fullTitle": "Landing Page Features Contains features",
                  "timedOut": null,
                  "duration": 0,
                  "state": "skipped",
                  "speed": null,
                  "pass": false,
                  "fail": false,
                  "pending": false,
                  "context": null,
                  "code": "",
                  "err": {},
                  "uuid": "65f4f49e-991f-4ffc-b788-3a14dd2d3af0",
                  "parentUUID": null,
                  "isHook": false,
                  "skipped": true
                }
              ],
              "suites": [],
              "passes": [],
              "failures": [],
              "pending": [],
              "skipped": [
                "65f4f49e-991f-4ffc-b788-3a14dd2d3af0"
              ],
              "duration": 0,
              "root": false,
              "rootEmpty": false,
              "_timeout": 2000
            }
          ],
          "passes": [],
          "failures": [],
          "pending": [],
          "skipped": [],
          "duration": 0,
          "root": false,
          "rootEmpty": false,
          "_timeout": 2000
        }
      ],
      "passes": [],
      "failures": [],
      "pending": [],
      "skipped": [],
      "duration": 0,
      "root": true,
      "rootEmpty": true,
      "_timeout": 2000
    }
  ],
  "meta": {
    "mocha": {
      "version": "7.0.1"
    },
    "mochawesome": {
      "options": {
        "quiet": false,
        "reportFilename": "mochawesome",
        "saveHtml": false,
        "saveJson": true,
        "consoleReporter": "spec",
        "useInlineDiffs": false,
        "code": true
      },
      "version": "7.1.3"
    },
    "marge": {
      "options": {
        "reportDir": "cypress/report/mochawesome-report",
        "overwrite": false,
        "html": false,
        "json": true,
        "timestamp": "mmddyyyy_HHMMss"
      },
      "version": "6.2.0"
    }
  }
}